<?xml version="1.0" encoding="UTF-8"?>
<testng-results ignored="0" total="1" passed="1" failed="0" skipped="0">
  <reporter-output>
  </reporter-output>
  <suite started-at="2020-06-22T18:34:29 IST" name="Default suite" finished-at="2020-06-22T18:34:29 IST" duration-ms="46">
    <groups>
    </groups>
    <test started-at="2020-06-22T18:34:29 IST" name="Default test" finished-at="2020-06-22T18:34:29 IST" duration-ms="46">
      <class name="arunsjenkinsgithubday1begins.arunsjenkinsgithubday1beginss">
        <test-method signature="getthisprinted()[pri:0, instance:arunsjenkinsgithubday1begins.arunsjenkinsgithubday1beginss@6a01e23]" started-at="2020-06-22T18:34:29 IST" name="getthisprinted" finished-at="2020-06-22T18:34:29 IST" duration-ms="9" status="PASS">
          <reporter-output>
          </reporter-output>
        </test-method> <!-- getthisprinted -->
      </class> <!-- arunsjenkinsgithubday1begins.arunsjenkinsgithubday1beginss -->
    </test> <!-- Default test -->
  </suite> <!-- Default suite -->
</testng-results>
