<?xml version="1.0" encoding="UTF-8"?>
<testng-results ignored="0" total="1" passed="1" failed="0" skipped="0">
  <reporter-output>
  </reporter-output>
  <suite started-at="2020-06-22T19:02:35 IST" name="Default suite" finished-at="2020-06-22T19:02:35 IST" duration-ms="54">
    <groups>
    </groups>
    <test started-at="2020-06-22T19:02:35 IST" name="Default test" finished-at="2020-06-22T19:02:35 IST" duration-ms="54">
      <class name="arunsjenkinsgithubday1begins.arunsjenkinsgithubday1beginssclass">
        <test-method signature="getdata()[pri:0, instance:arunsjenkinsgithubday1begins.arunsjenkinsgithubday1beginssclass@1460a8c0]" started-at="2020-06-22T19:02:35 IST" name="getdata" finished-at="2020-06-22T19:02:35 IST" duration-ms="8" status="PASS">
          <reporter-output>
          </reporter-output>
        </test-method> <!-- getdata -->
      </class> <!-- arunsjenkinsgithubday1begins.arunsjenkinsgithubday1beginssclass -->
    </test> <!-- Default test -->
  </suite> <!-- Default suite -->
</testng-results>
